[debug] [2022-02-18T15:08:57.124Z] ----------------------------------------------------------------------
[debug] [2022-02-18T15:08:57.126Z] Command:       C:\Program Files\nodejs\node.exe C:\Users\El-Wattaneya\AppData\Roaming\npm\node_modules\firebase-tools\lib\bin\firebase.js deploy
[debug] [2022-02-18T15:08:57.126Z] CLI Version:   10.2.1
[debug] [2022-02-18T15:08:57.126Z] Platform:      win32
[debug] [2022-02-18T15:08:57.127Z] Node Version:  v14.15.0
[debug] [2022-02-18T15:08:57.127Z] Time:          Fri Feb 18 2022 17:08:57 GMT+0200 (توقيت شرق أوروبا الرسمي)
[debug] [2022-02-18T15:08:57.127Z] ----------------------------------------------------------------------
[debug] 
[debug] [2022-02-18T15:08:57.189Z] > command requires scopes: ["email","openid","https://www.googleapis.com/auth/cloudplatformprojects.readonly","https://www.googleapis.com/auth/firebase","https://www.googleapis.com/auth/cloud-platform"]
[debug] [2022-02-18T15:08:57.189Z] > authorizing via signed-in user (alislahiprahim99@gmail.com)
[debug] [2022-02-18T15:08:57.189Z] [iam] checking project rrocket-2c9b4 for permissions ["firebase.projects.get","firebasehosting.sites.update"]
[debug] [2022-02-18T15:08:57.191Z] >>> [apiv2][query] POST https://cloudresourcemanager.googleapis.com/v1/projects/rrocket-2c9b4:testIamPermissions [none]
[debug] [2022-02-18T15:08:57.191Z] >>> [apiv2][body] POST https://cloudresourcemanager.googleapis.com/v1/projects/rrocket-2c9b4:testIamPermissions {"permissions":["firebase.projects.get","firebasehosting.sites.update"]}
[debug] [2022-02-18T15:08:58.260Z] <<< [apiv2][status] POST https://cloudresourcemanager.googleapis.com/v1/projects/rrocket-2c9b4:testIamPermissions 200
[debug] [2022-02-18T15:08:58.260Z] <<< [apiv2][body] POST https://cloudresourcemanager.googleapis.com/v1/projects/rrocket-2c9b4:testIamPermissions {"permissions":["firebase.projects.get","firebasehosting.sites.update"]}
[debug] [2022-02-18T15:08:58.261Z] >>> [apiv2][query] GET https://firebase.googleapis.com/v1beta1/projects/rrocket-2c9b4 [none]
[debug] [2022-02-18T15:08:59.150Z] <<< [apiv2][status] GET https://firebase.googleapis.com/v1beta1/projects/rrocket-2c9b4 200
[debug] [2022-02-18T15:08:59.150Z] <<< [apiv2][body] GET https://firebase.googleapis.com/v1beta1/projects/rrocket-2c9b4 {"projectId":"rrocket-2c9b4","projectNumber":"59147153425","displayName":"rrocket","name":"projects/rrocket-2c9b4","resources":{"hostingSite":"rrocket-2c9b4"},"state":"ACTIVE"}
[info] 
[info] === Deploying to 'rrocket-2c9b4'...
[info] 
[info] i  deploying hosting 
[debug] [2022-02-18T15:08:59.154Z] >>> [apiv2][query] GET https://firebase.googleapis.com/v1beta1/projects/rrocket-2c9b4 [none]
[debug] [2022-02-18T15:08:59.943Z] <<< [apiv2][status] GET https://firebase.googleapis.com/v1beta1/projects/rrocket-2c9b4 200
[debug] [2022-02-18T15:08:59.943Z] <<< [apiv2][body] GET https://firebase.googleapis.com/v1beta1/projects/rrocket-2c9b4 {"projectId":"rrocket-2c9b4","projectNumber":"59147153425","displayName":"rrocket","name":"projects/rrocket-2c9b4","resources":{"hostingSite":"rrocket-2c9b4"},"state":"ACTIVE"}
[debug] [2022-02-18T15:08:59.944Z] >>> [apiv2][query] POST https://firebasehosting.googleapis.com/v1beta1/projects/59147153425/sites/rrocket-2c9b4/versions [none]
[debug] [2022-02-18T15:08:59.944Z] >>> [apiv2][body] POST https://firebasehosting.googleapis.com/v1beta1/projects/59147153425/sites/rrocket-2c9b4/versions {"config":{"rewrites":[{"glob":"**","path":"/index.html"}]},"labels":{"deployment-tool":"cli-firebase"}}
[debug] [2022-02-18T15:09:02.037Z] <<< [apiv2][status] POST https://firebasehosting.googleapis.com/v1beta1/projects/59147153425/sites/rrocket-2c9b4/versions 200
[debug] [2022-02-18T15:09:02.037Z] <<< [apiv2][body] POST https://firebasehosting.googleapis.com/v1beta1/projects/59147153425/sites/rrocket-2c9b4/versions {"name":"projects/59147153425/sites/rrocket-2c9b4/versions/14e167673808d38f","status":"CREATED","config":{"rewrites":[{"glob":"**","path":"/index.html"}]},"labels":{"deployment-tool":"cli-firebase"}}
[info] i  hosting[rrocket-2c9b4]: beginning deploy... 
[info] i  hosting[rrocket-2c9b4]: found 46 files in dist/RRocket 
[debug] [2022-02-18T15:09:02.052Z] [hosting] hash cache [ZGlzdFxSUm9ja2V0] not populated
[debug] [2022-02-18T15:09:02.978Z] [hosting] hash cache [ZGlzdFxSUm9ja2V0] stored for 46 files
[debug] [2022-02-18T15:09:02.978Z] [hosting][hash queue][FINAL] {"max":914,"min":32,"avg":76.47826086956522,"active":0,"complete":46,"success":46,"errored":0,"retried":0,"total":46,"elapsed":926}
[debug] [2022-02-18T15:09:02.978Z] >>> [apiv2][query] POST https://firebasehosting.googleapis.com/v1beta1/projects/59147153425/sites/rrocket-2c9b4/versions/14e167673808d38f:populateFiles [none]
[debug] [2022-02-18T15:09:02.979Z] >>> [apiv2][body] POST https://firebasehosting.googleapis.com/v1beta1/projects/59147153425/sites/rrocket-2c9b4/versions/14e167673808d38f:populateFiles {"files":{"/common.js":"ec9ba914b15283b171a5397af65fefc91e1e7eb4fffccd6dca9ba8e5a2252b25","/common.js.map":"40957c6335f2a1ff1b3232ac6aba9476ebbbec042b1b495db84f9b0a56a12a45","/fa-regular-400.woff":"02afabd773caf9d673216695a6d3dbc0650d70ab7c962ab577353e291c18f3f2","/fa-regular-400.eot":"55129affe97282d08aac03219a5c80ca0fadad59bee2e59ff59ef90ef8c57e37","/fa-regular-400.woff2":"ddd4be2f692a69214ff09206ed93bec610cb21359d11483df26bbba628359b6c","/fa-regular-400.ttf":"1337ba654ba3042c94d956dc3f66cd70f41bc7672e15aff5256066621f7e159a","/index.html":"1c3f99854f45119409dc339acafb6aa2c8e765df18ae33523db10600870931ac","/main.js.map":"b3777f77f1d03b2c204018c97f86e85b82bf657e9f5160418b008af3b14e541e","/runtime.js":"1a25c60f208b3de3c6d9aa33937d86aedca657526f58e79fe31e5516719f3e8a","/runtime.js.map":"16e0c7bf7bbc51ec5585e87c0ed9ccdebfb7a276ea1f5ed0684b18cfe22c401e","/src_app_about-info_about-info_module_ts.js.map":"8fc3d09c8bf142024f0c9a2342df2039451f2d7a5cdc2f77b044fddac04a713f","/src_app_about-info_about-info_module_ts.js":"682fe7783f79b743fb535063f3204a1e19a1d908c39c5e0c11b3fab127f0673c","/src_app_brand_brand_module_ts.js":"848776425a257804b75da4fd30e0d81dcc1857d12ed29703bbe547d5fa64903d","/src_app_brand_brand_module_ts.js.map":"15c593031c05ae7125aa1866e58812945f7517173695e3cabd1eadc63b34e014","/src_app_category_category_module_ts.js":"3838f87cb3afc467785d30ad71af9c0554cfe5310bb2b30c2417600292bd3f60","/src_app_login_login_module_ts.js":"1a6ef1980087485b01f5cc5ffc88c592d63ef86887aa20beab9fe916c32a564c","/src_app_login_login_module_ts.js.map":"8426668ff37949d6af106d789bcb578d68ce096156658700927b9eb1507defa3","/src_app_category_category_module_ts.js.map":"dfd9a78bd28e303c92c3ec6f5e49758d7c0c7578790815fa051d67ca5adbacd5","/src_app_register_register_module_ts.js":"947b7550a373543c7e30928031c46684e3a38c4e77367653f981c48189af4dca","/src_app_teams_teams_module_ts.js":"abf3927ece564562bc67d15727e3c045c50ca07dc5df9b5baa864c0891623267","/src_app_register_register_module_ts.js.map":"8997b0d0f119065f0299b76985897748dc95fbc635459f9697a4a5720430dce0","/src_app_teams_teams_module_ts.js.map":"b71d4d6f534810486a47a78e3141170c74c68dbc41696a7e488367b753e5e7fa","/src_app_products_products_module_ts.js.map":"4e7e5720a8d70a2254c373ddbb13a5974e2429411d6d23f42d2d8e254dff9563","/assets/images/icons/breif.png":"d7c3e55cb74cfbc511e7437bbcaca75164afafde0ce614fabf6bef646da3f34a","/assets/images/icons/image-not-found.png":"1f20456f359303ca6736b68e0f9bba117f2f1b724c8760eee2abb3f86925526b","/src_app_products_products_module_ts.js":"0ff86cdf1a4112549a1d3a5553ce37fb4db368837826b9b1e4d447bcfe43bfd7","/assets/images/logos/r-rocket.png":"24040f3221ae90c318e57990b84fc2043c8e9d25e898aa405ccbd9fc3caec14c","/main.js":"f60d5cc89cb1f4c3997362096e90890b72af694e0ed57cbff974f4ced4646137","/assets/images/logos/rrocket.png":"572e307f8c0da20ebc9befb6c5ad6ee9321729f6499bc4a8d2df076e4446291f","/polyfills.js":"03f8c0ed816885605026601affc9f0e47b248bfda5773de8dac704c70f091d0c","/polyfills.js.map":"db756603d958a371b0281f5d27cc2aa1de2fbe22458a8c1d7dbdb2133dd471fb","/fa-regular-400.svg":"58164fd866070e49062d363355a04adf64846b7a3416c220808471d2893faccf","/fa-brands-400.woff2":"ac5357e55eae278f04393c0704012ddf52d343592d8bf97fc328b34dbf3891fb","/fa-solid-900.woff2":"e9fae79b597bdd55d58331e18805a0383e99b2e79c0ae9fce44605bb8c0c5c7b","/fa-brands-400.woff":"1d09fa771b3ab8020d0ac9b928b27eb95a845625e20f9cc60ad8bc93caaa8bcc","/fa-brands-400.eot":"de76a5844d3c2a893b404d58d64a57b11e1173e580fe88b74a2134d53e1fdd64","/fa-solid-900.woff":"cb1dea4cdc0b1faadb31fa981433924ed0a22f1028906b6d93bb2b38733652e9","/fa-brands-400.ttf":"03e095989f25528ca72beb5193f04e89568e529e9f20efae52a438f40dee7bf7","/fa-solid-900.ttf":"f5934f953f6c3f167473c1f87054cf2d7ef59946c5f838af501284b90b493ce5","/fa-solid-900.eot":"b35c298b7640edb301b5b7ca12eb4582b4b1f6ceae680bcea2a109d34cc3c49f","/styles.css":"c6e312e7ce2190cf6f56297b28514a929441f4159c1f34b6707d4b922e5fbb5d","/styles.css.map":"e80af6baea778b6953f870ed2c3f3028bea6cc705443d8bade67c061d10fc364","/fa-solid-900.svg":"b38438df2a2c103cd714b4ebbf58bca5edb1357f74dc7219fb5901d9dd195067","/fa-brands-400.svg":"ed948d563a3b10b0819e9b696bbf31e03c41ef2288e8c0c50db0ad01bc8b72e1","/vendor.js":"cfc00177e6b95e033b45f78b783389eb88e5fdae332689862adf80fbca005662","/vendor.js.map":"c6fca9c031f4c20ac4c3308b5be3f3100a5b6ae894016200c0912ff3ee743f40"}}
[debug] [2022-02-18T15:09:04.121Z] <<< [apiv2][status] POST https://firebasehosting.googleapis.com/v1beta1/projects/59147153425/sites/rrocket-2c9b4/versions/14e167673808d38f:populateFiles 200
[debug] [2022-02-18T15:09:04.121Z] <<< [apiv2][body] POST https://firebasehosting.googleapis.com/v1beta1/projects/59147153425/sites/rrocket-2c9b4/versions/14e167673808d38f:populateFiles {"uploadRequiredHashes":["c6fca9c031f4c20ac4c3308b5be3f3100a5b6ae894016200c0912ff3ee743f40","cfc00177e6b95e033b45f78b783389eb88e5fdae332689862adf80fbca005662"],"uploadUrl":"https://upload-firebasehosting.googleapis.com/upload/sites/rrocket-2c9b4/versions/14e167673808d38f/files"}
[debug] [2022-02-18T15:09:04.122Z] >>> [apiv2][query] POST https://upload-firebasehosting.googleapis.com/upload/sites/rrocket-2c9b4/versions/14e167673808d38f/files/c6fca9c031f4c20ac4c3308b5be3f3100a5b6ae894016200c0912ff3ee743f40 [none]
[debug] [2022-02-18T15:09:04.122Z] >>> [apiv2][body] POST https://upload-firebasehosting.googleapis.com/upload/sites/rrocket-2c9b4/versions/14e167673808d38f/files/c6fca9c031f4c20ac4c3308b5be3f3100a5b6ae894016200c0912ff3ee743f40 [stream]
[debug] [2022-02-18T15:09:04.124Z] >>> [apiv2][query] POST https://upload-firebasehosting.googleapis.com/upload/sites/rrocket-2c9b4/versions/14e167673808d38f/files/cfc00177e6b95e033b45f78b783389eb88e5fdae332689862adf80fbca005662 [none]
[debug] [2022-02-18T15:09:04.124Z] >>> [apiv2][body] POST https://upload-firebasehosting.googleapis.com/upload/sites/rrocket-2c9b4/versions/14e167673808d38f/files/cfc00177e6b95e033b45f78b783389eb88e5fdae332689862adf80fbca005662 [stream]
[debug] [2022-02-18T15:09:04.125Z] [hosting][populate queue][FINAL] {"max":1146,"min":1146,"avg":1146,"active":0,"complete":1,"success":1,"errored":0,"retried":0,"total":1,"elapsed":1149}
[debug] [2022-02-18T15:09:04.125Z] [hosting] uploads queued: 2
[debug] [2022-02-18T15:10:38.425Z] [uploadQueue] Retrying task cfc00177e6b95e033b45f78b783389eb88e5fdae332689862adf80fbca005662
[debug] [2022-02-18T15:10:38.426Z] >>> [apiv2][query] POST https://upload-firebasehosting.googleapis.com/upload/sites/rrocket-2c9b4/versions/14e167673808d38f/files/cfc00177e6b95e033b45f78b783389eb88e5fdae332689862adf80fbca005662 [none]
[debug] [2022-02-18T15:10:38.426Z] >>> [apiv2][body] POST https://upload-firebasehosting.googleapis.com/upload/sites/rrocket-2c9b4/versions/14e167673808d38f/files/cfc00177e6b95e033b45f78b783389eb88e5fdae332689862adf80fbca005662 [stream]
